10:29:29.852 [http-nio-8080-exec-1] INFO  c.e.actualproject.aspect.helper - Method invoked :class com.example.actualproject.service.PersonServiceImpl : get()arguments : [0,2]
10:29:29.955 [http-nio-8080-exec-1] INFO  c.e.actualproject.aspect.helper - Returned value[{"personName":"Joe","street":"idk","city":null},{"personName":"testinglogging","street":null,"city":null}]
10:29:53.654 [http-nio-8080-exec-2] INFO  c.e.actualproject.aspect.helper - Method invoked :class com.example.actualproject.service.PersonServiceImpl : get()arguments : [0,2]
10:29:53.663 [http-nio-8080-exec-2] INFO  c.e.actualproject.aspect.helper - Returned value[{"personName":"Joe","street":"idk","city":null},{"personName":"testinglogging","street":null,"city":null}]
21:41:09.713 [http-nio-9001-exec-1] INFO  c.e.actualproject.aspect.helper - Method invoked :class com.example.actualproject.service.CustomerServiceImpl : findCustomers()arguments : ["2"]
21:41:11.987 [http-nio-9001-exec-1] INFO  c.e.actualproject.aspect.helper - Returned valuenull
21:41:17.917 [http-nio-9001-exec-2] INFO  c.e.actualproject.aspect.helper - Method invoked :class com.example.actualproject.service.CustomerServiceImpl : findCustomers()arguments : ["1"]
21:41:17.917 [http-nio-9001-exec-2] INFO  c.e.actualproject.aspect.helper - Returned valuenull
21:41:49.541 [http-nio-9001-exec-3] INFO  c.e.actualproject.aspect.helper - Method invoked :class com.example.actualproject.service.CustomerServiceImpl : findCustomers()arguments : ["1"]
21:41:51.806 [http-nio-9001-exec-3] INFO  c.e.actualproject.aspect.helper - Returned valuenull
21:41:53.357 [http-nio-9001-exec-4] INFO  c.e.actualproject.aspect.helper - Method invoked :class com.example.actualproject.service.CustomerServiceImpl : findCustomers()arguments : ["2"]
21:41:53.358 [http-nio-9001-exec-4] INFO  c.e.actualproject.aspect.helper - Returned valuenull
21:42:15.570 [http-nio-9001-exec-6] INFO  c.e.actualproject.aspect.helper - Method invoked :class com.example.actualproject.service.CustomerServiceImpl : findCustomers()arguments : ["2"]
21:42:17.829 [http-nio-9001-exec-6] INFO  c.e.actualproject.aspect.helper - Returned valuenull
21:42:49.138 [http-nio-9001-exec-7] INFO  c.e.actualproject.aspect.helper - Method invoked :class com.example.actualproject.service.CustomerServiceImpl : findCustomers()arguments : ["2"]
21:42:51.409 [http-nio-9001-exec-7] INFO  c.e.actualproject.aspect.helper - Returned valuenull
21:42:54.248 [http-nio-9001-exec-8] INFO  c.e.actualproject.aspect.helper - Method invoked :class com.example.actualproject.service.CustomerServiceImpl : findCustomers()arguments : ["1"]
21:42:54.248 [http-nio-9001-exec-8] INFO  c.e.actualproject.aspect.helper - Returned valuenull
21:43:59.685 [http-nio-9001-exec-1] INFO  c.e.actualproject.aspect.helper - Method invoked :class com.example.actualproject.service.CustomerServiceImpl : findCustomers()arguments : ["1"]
21:43:59.688 [http-nio-9001-exec-1] INFO  c.e.actualproject.aspect.helper - Returned valuenull
21:44:01.553 [http-nio-9001-exec-2] INFO  c.e.actualproject.aspect.helper - Method invoked :class com.example.actualproject.service.CustomerServiceImpl : findCustomers()arguments : ["2"]
21:44:01.553 [http-nio-9001-exec-2] INFO  c.e.actualproject.aspect.helper - Returned valuenull
21:44:36.096 [http-nio-9001-exec-1] INFO  c.e.actualproject.aspect.helper - Method invoked :class com.example.actualproject.service.CustomerServiceImpl : findCustomers()arguments : ["2"]
21:44:36.100 [http-nio-9001-exec-1] INFO  c.e.actualproject.aspect.helper - Returned valuenull
21:44:42.335 [http-nio-9001-exec-2] INFO  c.e.actualproject.aspect.helper - Method invoked :class com.example.actualproject.service.CustomerServiceImpl : findCustomers()arguments : ["2"]
21:44:42.336 [http-nio-9001-exec-2] INFO  c.e.actualproject.aspect.helper - Returned valuenull
21:45:39.825 [http-nio-9001-exec-1] INFO  c.e.actualproject.aspect.helper - Method invoked :class com.example.actualproject.service.CustomerServiceImpl : findCustomers()arguments : ["2"]
21:45:39.903 [http-nio-9001-exec-1] INFO  c.e.actualproject.aspect.helper - Returned valuenull
21:45:44.753 [http-nio-9001-exec-2] INFO  c.e.actualproject.aspect.helper - Method invoked :class com.example.actualproject.service.CustomerServiceImpl : findCustomers()arguments : ["2"]
21:45:44.754 [http-nio-9001-exec-2] INFO  c.e.actualproject.aspect.helper - Returned valuenull
21:46:09.761 [http-nio-9001-exec-1] INFO  c.e.actualproject.aspect.helper - Method invoked :class com.example.actualproject.service.CustomerServiceImpl : findCustomers()arguments : ["2"]
21:46:09.828 [http-nio-9001-exec-1] INFO  c.e.actualproject.aspect.helper - Returned valuenull
21:46:12.687 [http-nio-9001-exec-2] INFO  c.e.actualproject.aspect.helper - Method invoked :class com.example.actualproject.service.CustomerServiceImpl : findCustomers()arguments : ["2"]
21:46:12.689 [http-nio-9001-exec-2] INFO  c.e.actualproject.aspect.helper - Returned valuenull
21:47:51.343 [http-nio-9001-exec-5] INFO  c.e.actualproject.aspect.helper - Method invoked :class com.example.actualproject.service.CustomerServiceImpl : findCustomers()arguments : ["1"]
21:47:51.345 [http-nio-9001-exec-5] INFO  c.e.actualproject.aspect.helper - Returned valuenull
21:48:00.726 [http-nio-9001-exec-6] INFO  c.e.actualproject.aspect.helper - Method invoked :class com.example.actualproject.service.CustomerServiceImpl : findCustomers()arguments : ["1"]
21:48:00.727 [http-nio-9001-exec-6] INFO  c.e.actualproject.aspect.helper - Returned valuenull
21:48:13.385 [http-nio-9001-exec-7] INFO  c.e.actualproject.aspect.helper - Method invoked :class com.example.actualproject.service.CustomerServiceImpl : findCustomers()arguments : ["1"]
21:48:13.386 [http-nio-9001-exec-7] INFO  c.e.actualproject.aspect.helper - Returned valuenull
21:52:08.304 [http-nio-9001-exec-1] INFO  c.e.actualproject.aspect.helper - Method invoked :class com.example.actualproject.service.CustomerServiceImpl : findCustomers()arguments : ["2"]
21:52:08.382 [http-nio-9001-exec-1] INFO  c.e.actualproject.aspect.helper - Returned valuenull
21:52:10.778 [http-nio-9001-exec-2] INFO  c.e.actualproject.aspect.helper - Method invoked :class com.example.actualproject.service.CustomerServiceImpl : findCustomers()arguments : ["1"]
21:52:10.779 [http-nio-9001-exec-2] INFO  c.e.actualproject.aspect.helper - Returned valuenull
21:52:50.925 [http-nio-9001-exec-1] INFO  c.e.actualproject.aspect.helper - Method invoked :class com.example.actualproject.service.CustomerServiceImpl : findCustomers()arguments : ["1"]
21:52:50.987 [http-nio-9001-exec-1] INFO  c.e.actualproject.aspect.helper - Returned valuenull
21:54:31.674 [http-nio-9001-exec-1] INFO  c.e.actualproject.aspect.helper - Method invoked :class com.example.actualproject.service.CustomerServiceImpl : findCustomers()arguments : ["1"]
21:54:31.740 [http-nio-9001-exec-1] INFO  c.e.actualproject.aspect.helper - Returned valuenull
21:54:53.512 [http-nio-9001-exec-1] INFO  c.e.actualproject.aspect.helper - Method invoked :class com.example.actualproject.service.CustomerServiceImpl : findCustomers()arguments : ["1"]
21:54:53.588 [http-nio-9001-exec-1] INFO  c.e.actualproject.aspect.helper - Returned valuenull
21:59:00.306 [http-nio-9001-exec-4] INFO  c.e.actualproject.aspect.helper - Method invoked :class com.example.actualproject.service.CustomerServiceImpl : findCustomers()arguments : ["1"]
21:59:00.307 [http-nio-9001-exec-4] INFO  c.e.actualproject.aspect.helper - Returned valuenull
21:59:06.991 [http-nio-9001-exec-5] INFO  c.e.actualproject.aspect.helper - Method invoked :class com.example.actualproject.service.CustomerServiceImpl : findCustomers()arguments : ["1"]
21:59:06.992 [http-nio-9001-exec-5] INFO  c.e.actualproject.aspect.helper - Returned valuenull
22:03:04.466 [http-nio-9001-exec-8] INFO  c.e.actualproject.aspect.helper - Method invoked :class com.example.actualproject.service.CustomerServiceImpl : findCustomers()arguments : ["1"]
22:03:04.467 [http-nio-9001-exec-8] INFO  c.e.actualproject.aspect.helper - Returned valuenull
22:03:08.789 [http-nio-9001-exec-9] INFO  c.e.actualproject.aspect.helper - Method invoked :class com.example.actualproject.service.CustomerServiceImpl : findCustomers()arguments : ["1"]
22:03:08.790 [http-nio-9001-exec-9] INFO  c.e.actualproject.aspect.helper - Returned valuenull
22:07:32.541 [http-nio-9001-exec-1] INFO  c.e.actualproject.aspect.helper - Method invoked :class com.example.actualproject.service.CustomerServiceImpl : findCustomers()arguments : ["1"]
22:07:32.603 [http-nio-9001-exec-1] INFO  c.e.actualproject.aspect.helper - Returned valuenull
22:10:23.215 [http-nio-9001-exec-1] INFO  c.e.actualproject.aspect.helper - Method invoked :class com.example.actualproject.service.CustomerServiceImpl : findCustomers()arguments : ["1"]
22:10:23.281 [http-nio-9001-exec-1] INFO  c.e.actualproject.aspect.helper - Returned valuenull
22:10:24.423 [http-nio-9001-exec-2] INFO  c.e.actualproject.aspect.helper - Method invoked :class com.example.actualproject.service.CustomerServiceImpl : findCustomers()arguments : ["1"]
22:10:24.425 [http-nio-9001-exec-2] INFO  c.e.actualproject.aspect.helper - Returned valuenull
22:11:12.649 [http-nio-9001-exec-1] INFO  c.e.actualproject.aspect.helper - Method invoked :class com.example.actualproject.service.CustomerServiceImpl : findCustomers()arguments : ["1"]
22:11:12.714 [http-nio-9001-exec-1] INFO  c.e.actualproject.aspect.helper - Returned valuenull
22:11:26.103 [http-nio-9001-exec-2] INFO  c.e.actualproject.aspect.helper - Method invoked :class com.example.actualproject.service.CustomerServiceImpl : findCustomers()arguments : ["1"]
22:11:26.104 [http-nio-9001-exec-2] INFO  c.e.actualproject.aspect.helper - Returned valuenull
22:12:10.928 [http-nio-9001-exec-1] INFO  c.e.actualproject.aspect.helper - Method invoked :class com.example.actualproject.service.CustomerServiceImpl : findCustomers()arguments : ["1"]
22:12:10.938 [http-nio-9001-exec-1] INFO  c.e.actualproject.aspect.helper - Returned value{"trip_id":"61121c5104885b01eb7a30eb","price":121,"customer_id":"1","emp_id":"2","from":"ramallah","destination":"Ekleem Batoonia"}
22:12:19.057 [http-nio-9001-exec-2] INFO  c.e.actualproject.aspect.helper - Method invoked :class com.example.actualproject.service.CustomerServiceImpl : findCustomers()arguments : ["1"]
22:12:19.063 [http-nio-9001-exec-2] INFO  c.e.actualproject.aspect.helper - Returned value{"trip_id":"61121c5104885b01eb7a30eb","price":121,"customer_id":"1","emp_id":"2","from":"ramallah","destination":"Ekleem Batoonia"}
22:12:56.479 [http-nio-9001-exec-3] INFO  c.e.actualproject.aspect.helper - Method invoked :class com.example.actualproject.service.CustomerServiceImpl : findCustomers()arguments : ["1"]
22:12:56.486 [http-nio-9001-exec-3] INFO  c.e.actualproject.aspect.helper - Returned value{"trip_id":"61121c5104885b01eb7a30eb","price":121,"customer_id":"1","emp_id":"2","from":"ramallah","destination":"Ekleem Batoonia"}
22:13:00.402 [http-nio-9001-exec-4] INFO  c.e.actualproject.aspect.helper - Method invoked :class com.example.actualproject.service.CustomerServiceImpl : findCustomers()arguments : ["1"]
22:13:00.406 [http-nio-9001-exec-4] INFO  c.e.actualproject.aspect.helper - Returned value{"trip_id":"61121c5104885b01eb7a30eb","price":121,"customer_id":"1","emp_id":"2","from":"ramallah","destination":"Ekleem Batoonia"}
22:13:04.238 [http-nio-9001-exec-5] INFO  c.e.actualproject.aspect.helper - Method invoked :class com.example.actualproject.service.CustomerServiceImpl : findCustomers()arguments : ["1"]
22:13:04.242 [http-nio-9001-exec-5] INFO  c.e.actualproject.aspect.helper - Returned value{"trip_id":"61121c5104885b01eb7a30eb","price":121,"customer_id":"1","emp_id":"2","from":"ramallah","destination":"Ekleem Batoonia"}
22:14:08.264 [http-nio-9001-exec-1] INFO  c.e.actualproject.aspect.helper - Method invoked :class com.example.actualproject.service.CustomerServiceImpl : findCustomers()arguments : ["1"]
22:14:10.535 [http-nio-9001-exec-1] INFO  c.e.actualproject.aspect.helper - Returned valuenull
22:14:15.916 [http-nio-9001-exec-2] INFO  c.e.actualproject.aspect.helper - Method invoked :class com.example.actualproject.service.CustomerServiceImpl : findCustomers()arguments : ["1"]
22:14:15.917 [http-nio-9001-exec-2] INFO  c.e.actualproject.aspect.helper - Returned valuenull
22:16:00.530 [http-nio-9001-exec-1] INFO  c.e.actualproject.aspect.helper - Method invoked :class com.example.actualproject.service.CustomerServiceImpl : findCustomers()arguments : ["1"]
22:16:00.533 [http-nio-9001-exec-1] INFO  c.e.actualproject.aspect.helper - Returned valuenull
22:17:11.843 [http-nio-9001-exec-1] INFO  c.e.actualproject.aspect.helper - Method invoked :class com.example.actualproject.service.CustomerServiceImpl : findCustomers()arguments : ["1"]
22:17:12.061 [http-nio-9001-exec-1] INFO  c.e.actualproject.aspect.helper - Returned value{"trip_id":"61121c5104885b01eb7a30eb","price":121,"customer_id":"1","emp_id":"2","from":"ramallah","destination":"Ekleem Batoonia"}
22:17:19.279 [http-nio-9001-exec-2] INFO  c.e.actualproject.aspect.helper - Method invoked :class com.example.actualproject.service.CustomerServiceImpl : findCustomers()arguments : ["1"]
22:17:19.284 [http-nio-9001-exec-2] INFO  c.e.actualproject.aspect.helper - Returned value{"trip_id":"61121c5104885b01eb7a30eb","price":121,"customer_id":"1","emp_id":"2","from":"ramallah","destination":"Ekleem Batoonia"}
